TN:
SF:item.js
FN:3,(anonymous_0)
FNF:1
FNH:1
FNDA:6,(anonymous_0)
DA:1,1
DA:4,6
DA:5,5
DA:6,5
LF:4
LH:4
BRDA:4,0,0,1
BRDA:4,0,1,5
BRF:2
BRH:2
end_of_record
TN:
SF:menu.js
FN:3,(anonymous_0)
FN:10,(anonymous_1)
FN:14,(anonymous_2)
FN:19,(anonymous_3)
FN:25,(anonymous_4)
FN:30,(anonymous_5)
FNF:6
FNH:6
FNDA:5,(anonymous_0)
FNDA:1,(anonymous_1)
FNDA:1,(anonymous_2)
FNDA:1,(anonymous_3)
FNDA:1,(anonymous_4)
FNDA:1,(anonymous_5)
DA:1,1
DA:4,5
DA:5,4
DA:6,4
DA:7,4
DA:11,1
DA:15,1
DA:16,1
DA:20,1
DA:21,1
DA:22,1
DA:26,1
DA:27,1
DA:31,1
DA:32,1
LF:15
LH:15
BRDA:4,0,0,1
BRDA:4,0,1,4
BRF:2
BRH:2
end_of_record
TN:
SF:rating.js
FN:3,(anonymous_0)
FNF:1
FNH:1
FNDA:4,(anonymous_0)
DA:4,4
DA:9,1
LF:2
LH:2
BRF:0
BRH:0
end_of_record
TN:
SF:restaurant.js
FN:3,(anonymous_0)
FN:12,(anonymous_1)
FN:16,(anonymous_2)
FN:21,(anonymous_3)
FN:25,(anonymous_4)
FN:28,(anonymous_5)
FN:31,(anonymous_6)
FNF:7
FNH:7
FNDA:4,(anonymous_0)
FNDA:3,(anonymous_1)
FNDA:1,(anonymous_2)
FNDA:5,(anonymous_3)
FNDA:1,(anonymous_4)
FNDA:5,(anonymous_5)
FNDA:5,(anonymous_6)
DA:1,1
DA:4,4
DA:5,3
DA:6,3
DA:7,3
DA:8,3
DA:9,3
DA:13,3
DA:17,1
DA:18,1
DA:22,5
DA:28,5
DA:31,5
DA:33,1
DA:34,1
LF:15
LH:15
BRDA:4,0,0,1
BRDA:4,0,1,3
BRF:2
BRH:2
end_of_record
