<?xml version="1.0" encoding="UTF-8"?>
<coverage generated="1602425184899" clover="3.2.0">
  <project timestamp="1602425184899" name="All files">
    <metrics statements="22" coveredstatements="22" conditionals="4" coveredconditionals="4" methods="11" coveredmethods="11" elements="37" coveredelements="37" complexity="0" loc="22" ncloc="22" packages="1" files="4" classes="4"/>
    <file name="scooter.js" path="/Users/KGL04/Desktop/scooter_hire/scooter.js">
      <metrics statements="4" coveredstatements="4" conditionals="2" coveredconditionals="2" methods="1" coveredmethods="1"/>
      <line num="4" count="6" type="cond" truecount="2" falsecount="0"/>
      <line num="5" count="5" type="stmt"/>
      <line num="6" count="5" type="stmt"/>
      <line num="11" count="1" type="stmt"/>
    </file>
    <file name="station.js" path="/Users/KGL04/Desktop/scooter_hire/station.js">
      <metrics statements="6" coveredstatements="6" conditionals="0" coveredconditionals="0" methods="4" coveredmethods="4"/>
      <line num="4" count="1" type="stmt"/>
      <line num="8" count="1" type="stmt"/>
      <line num="9" count="1" type="stmt"/>
      <line num="10" count="1" type="stmt"/>
      <line num="11" count="1" type="stmt"/>
      <line num="18" count="1" type="stmt"/>
    </file>
    <file name="system.js" path="/Users/KGL04/Desktop/scooter_hire/system.js">
      <metrics statements="7" coveredstatements="7" conditionals="0" coveredconditionals="0" methods="3" coveredmethods="3"/>
      <line num="3" count="1" type="stmt"/>
      <line num="6" count="2" type="stmt"/>
      <line num="7" count="2" type="stmt"/>
      <line num="11" count="1" type="stmt"/>
      <line num="12" count="2" type="stmt"/>
      <line num="13" count="1" type="stmt"/>
      <line num="18" count="1" type="stmt"/>
    </file>
    <file name="user.js" path="/Users/KGL04/Desktop/scooter_hire/user.js">
      <metrics statements="5" coveredstatements="5" conditionals="2" coveredconditionals="2" methods="3" coveredmethods="3"/>
      <line num="4" count="4" type="cond" truecount="2" falsecount="0"/>
      <line num="5" count="3" type="stmt"/>
      <line num="9" count="1" type="stmt"/>
      <line num="13" count="1" type="stmt"/>
      <line num="18" count="1" type="stmt"/>
    </file>
  </project>
</coverage>
