{"/Users/KGL04/Desktop/scooter_hire/scooter.js": {"path":"/Users/KGL04/Desktop/scooter_hire/scooter.js","statementMap":{"0":{"start":{"line":4,"column":8},"end":{"line":4,"column":62}},"1":{"start":{"line":4,"column":23},"end":{"line":4,"column":62}},"2":{"start":{"line":5,"column":8},"end":{"line":5,"column":34}},"3":{"start":{"line":6,"column":8},"end":{"line":6,"column":29}},"4":{"start":{"line":11,"column":0},"end":{"line":11,"column":25}}},"fnMap":{"0":{"name":"(anonymous_0)","decl":{"start":{"line":3,"column":4},"end":{"line":3,"column":5}},"loc":{"start":{"line":3,"column":27},"end":{"line":7,"column":5}},"line":3}},"branchMap":{"0":{"loc":{"start":{"line":4,"column":8},"end":{"line":4,"column":62}},"type":"if","locations":[{"start":{"line":4,"column":8},"end":{"line":4,"column":62}},{"start":{"line":4,"column":8},"end":{"line":4,"column":62}}],"line":4}},"s":{"0":6,"1":1,"2":5,"3":5,"4":1},"f":{"0":6},"b":{"0":[1,5]},"_coverageSchema":"1a1c01bbd47fc00a2c39e90264f33305004495a9","hash":"1952782ef2a5db7232e98ed2d130f4bd4de78bb8"}
,"/Users/KGL04/Desktop/scooter_hire/station.js": {"path":"/Users/KGL04/Desktop/scooter_hire/station.js","statementMap":{"0":{"start":{"line":4,"column":8},"end":{"line":4,"column":32}},"1":{"start":{"line":8,"column":8},"end":{"line":13,"column":10}},"2":{"start":{"line":9,"column":12},"end":{"line":12,"column":32}},"3":{"start":{"line":10,"column":16},"end":{"line":10,"column":41}},"4":{"start":{"line":11,"column":16},"end":{"line":11,"column":35}},"5":{"start":{"line":18,"column":0},"end":{"line":18,"column":25}}},"fnMap":{"0":{"name":"(anonymous_0)","decl":{"start":{"line":3,"column":4},"end":{"line":3,"column":5}},"loc":{"start":{"line":3,"column":26},"end":{"line":5,"column":5}},"line":3},"1":{"name":"(anonymous_1)","decl":{"start":{"line":7,"column":4},"end":{"line":7,"column":5}},"loc":{"start":{"line":7,"column":23},"end":{"line":14,"column":5}},"line":7},"2":{"name":"(anonymous_2)","decl":{"start":{"line":8,"column":27},"end":{"line":8,"column":28}},"loc":{"start":{"line":8,"column":40},"end":{"line":13,"column":9}},"line":8},"3":{"name":"(anonymous_3)","decl":{"start":{"line":9,"column":23},"end":{"line":9,"column":24}},"loc":{"start":{"line":9,"column":39},"end":{"line":12,"column":13}},"line":9}},"branchMap":{},"s":{"0":1,"1":1,"2":1,"3":1,"4":1,"5":1},"f":{"0":1,"1":1,"2":1,"3":1},"b":{},"_coverageSchema":"1a1c01bbd47fc00a2c39e90264f33305004495a9","hash":"d9638f49c7fb1bd3eda01ddb5eca8fbfcd64b93b"}
,"/Users/KGL04/Desktop/scooter_hire/system.js": {"path":"/Users/KGL04/Desktop/scooter_hire/system.js","statementMap":{"0":{"start":{"line":3,"column":14},"end":{"line":3,"column":16}},"1":{"start":{"line":6,"column":21},"end":{"line":6,"column":48}},"2":{"start":{"line":7,"column":8},"end":{"line":7,"column":32}},"3":{"start":{"line":11,"column":24},"end":{"line":11,"column":51}},"4":{"start":{"line":12,"column":22},"end":{"line":12,"column":83}},"5":{"start":{"line":12,"column":50},"end":{"line":12,"column":82}},"6":{"start":{"line":13,"column":8},"end":{"line":13,"column":37}},"7":{"start":{"line":18,"column":0},"end":{"line":18,"column":24}}},"fnMap":{"0":{"name":"(anonymous_0)","decl":{"start":{"line":5,"column":4},"end":{"line":5,"column":5}},"loc":{"start":{"line":5,"column":37},"end":{"line":8,"column":5}},"line":5},"1":{"name":"(anonymous_1)","decl":{"start":{"line":10,"column":4},"end":{"line":10,"column":5}},"loc":{"start":{"line":10,"column":41},"end":{"line":14,"column":5}},"line":10},"2":{"name":"(anonymous_2)","decl":{"start":{"line":12,"column":45},"end":{"line":12,"column":46}},"loc":{"start":{"line":12,"column":50},"end":{"line":12,"column":82}},"line":12}},"branchMap":{},"s":{"0":1,"1":2,"2":2,"3":1,"4":1,"5":2,"6":1,"7":1},"f":{"0":2,"1":1,"2":2},"b":{},"_coverageSchema":"1a1c01bbd47fc00a2c39e90264f33305004495a9","hash":"8c0cdf33128675efbfdc543cbbc60a23df034373"}
,"/Users/KGL04/Desktop/scooter_hire/user.js": {"path":"/Users/KGL04/Desktop/scooter_hire/user.js","statementMap":{"0":{"start":{"line":4,"column":8},"end":{"line":4,"column":58}},"1":{"start":{"line":4,"column":18},"end":{"line":4,"column":58}},"2":{"start":{"line":5,"column":8},"end":{"line":5,"column":25}},"3":{"start":{"line":9,"column":8},"end":{"line":9,"column":34}},"4":{"start":{"line":13,"column":8},"end":{"line":13,"column":35}},"5":{"start":{"line":18,"column":0},"end":{"line":18,"column":22}}},"fnMap":{"0":{"name":"(anonymous_0)","decl":{"start":{"line":3,"column":4},"end":{"line":3,"column":5}},"loc":{"start":{"line":3,"column":22},"end":{"line":6,"column":5}},"line":3},"1":{"name":"(anonymous_1)","decl":{"start":{"line":8,"column":4},"end":{"line":8,"column":5}},"loc":{"start":{"line":8,"column":28},"end":{"line":10,"column":5}},"line":8},"2":{"name":"(anonymous_2)","decl":{"start":{"line":12,"column":4},"end":{"line":12,"column":5}},"loc":{"start":{"line":12,"column":30},"end":{"line":14,"column":5}},"line":12}},"branchMap":{"0":{"loc":{"start":{"line":4,"column":8},"end":{"line":4,"column":58}},"type":"if","locations":[{"start":{"line":4,"column":8},"end":{"line":4,"column":58}},{"start":{"line":4,"column":8},"end":{"line":4,"column":58}}],"line":4}},"s":{"0":4,"1":1,"2":3,"3":1,"4":1,"5":1},"f":{"0":4,"1":1,"2":1},"b":{"0":[1,3]},"_coverageSchema":"1a1c01bbd47fc00a2c39e90264f33305004495a9","hash":"06e8a56380c3b006f13b29c135af07cb0841808d"}
}
