<?xml version="1.0" encoding="UTF-8"?>
<coverage generated="1602164798816" clover="3.2.0">
  <project timestamp="1602164798816" name="All files">
    <metrics statements="44" coveredstatements="43" conditionals="14" coveredconditionals="13" methods="13" coveredmethods="12" elements="71" coveredelements="68" complexity="0" loc="44" ncloc="44" packages="1" files="6" classes="6"/>
    <file name="airport.js" path="/Users/KGL04/Desktop/airport/airport.js">
      <metrics statements="11" coveredstatements="11" conditionals="2" coveredconditionals="2" methods="3" coveredmethods="3"/>
      <line num="1" count="1" type="stmt"/>
      <line num="4" count="1" type="stmt"/>
      <line num="7" count="5" type="cond" truecount="2" falsecount="0"/>
      <line num="8" count="4" type="stmt"/>
      <line num="9" count="4" type="stmt"/>
      <line num="10" count="4" type="stmt"/>
      <line num="15" count="1" type="stmt"/>
      <line num="16" count="1" type="stmt"/>
      <line num="18" count="1" type="stmt"/>
      <line num="24" count="2" type="stmt"/>
      <line num="30" count="1" type="stmt"/>
    </file>
    <file name="bag.js" path="/Users/KGL04/Desktop/airport/bag.js">
      <metrics statements="4" coveredstatements="4" conditionals="4" coveredconditionals="3" methods="1" coveredmethods="1"/>
      <line num="3" count="8" type="cond" truecount="2" falsecount="0"/>
      <line num="4" count="7" type="cond" truecount="1" falsecount="1"/>
      <line num="5" count="7" type="stmt"/>
      <line num="9" count="1" type="stmt"/>
    </file>
    <file name="crew.js" path="/Users/KGL04/Desktop/airport/crew.js">
      <metrics statements="4" coveredstatements="3" conditionals="0" coveredconditionals="0" methods="2" coveredmethods="1"/>
      <line num="1" count="1" type="stmt"/>
      <line num="5" count="4" type="stmt"/>
      <line num="9" count="0" type="stmt"/>
      <line num="13" count="1" type="stmt"/>
    </file>
    <file name="passenger.js" path="/Users/KGL04/Desktop/airport/passenger.js">
      <metrics statements="4" coveredstatements="4" conditionals="0" coveredconditionals="0" methods="2" coveredmethods="2"/>
      <line num="1" count="1" type="stmt"/>
      <line num="5" count="7" type="stmt"/>
      <line num="9" count="1" type="stmt"/>
      <line num="13" count="1" type="stmt"/>
    </file>
    <file name="person.js" path="/Users/KGL04/Desktop/airport/person.js">
      <metrics statements="9" coveredstatements="9" conditionals="2" coveredconditionals="2" methods="3" coveredmethods="3"/>
      <line num="3" count="15" type="cond" truecount="2" falsecount="0"/>
      <line num="4" count="12" type="stmt"/>
      <line num="5" count="12" type="stmt"/>
      <line num="6" count="12" type="stmt"/>
      <line num="11" count="3" type="stmt"/>
      <line num="12" count="3" type="stmt"/>
      <line num="16" count="1" type="stmt"/>
      <line num="17" count="1" type="stmt"/>
      <line num="22" count="1" type="stmt"/>
    </file>
    <file name="plane.js" path="/Users/KGL04/Desktop/airport/plane.js">
      <metrics statements="12" coveredstatements="12" conditionals="6" coveredconditionals="6" methods="2" coveredmethods="2"/>
      <line num="1" count="1" type="stmt"/>
      <line num="2" count="1" type="stmt"/>
      <line num="6" count="6" type="cond" truecount="2" falsecount="0"/>
      <line num="8" count="5" type="stmt"/>
      <line num="10" count="5" type="stmt"/>
      <line num="11" count="5" type="stmt"/>
      <line num="12" count="5" type="stmt"/>
      <line num="17" count="3" type="cond" truecount="2" falsecount="0"/>
      <line num="18" count="1" type="stmt"/>
      <line num="19" count="3" type="cond" truecount="2" falsecount="0"/>
      <line num="20" count="2" type="stmt"/>
      <line num="34" count="1" type="stmt"/>
    </file>
  </project>
</coverage>
