{"/Users/KGL04/Desktop/airport/airport.js": {"path":"/Users/KGL04/Desktop/airport/airport.js","statementMap":{"0":{"start":{"line":1,"column":14},"end":{"line":1,"column":32}},"1":{"start":{"line":4,"column":17},"end":{"line":4,"column":19}},"2":{"start":{"line":7,"column":8},"end":{"line":7,"column":64}},"3":{"start":{"line":7,"column":18},"end":{"line":7,"column":64}},"4":{"start":{"line":8,"column":8},"end":{"line":8,"column":24}},"5":{"start":{"line":9,"column":8},"end":{"line":9,"column":24}},"6":{"start":{"line":10,"column":8},"end":{"line":10,"column":39}},"7":{"start":{"line":15,"column":22},"end":{"line":15,"column":51}},"8":{"start":{"line":16,"column":8},"end":{"line":16,"column":26}},"9":{"start":{"line":18,"column":8},"end":{"line":18,"column":39}},"10":{"start":{"line":24,"column":8},"end":{"line":24,"column":37}},"11":{"start":{"line":30,"column":0},"end":{"line":30,"column":25}}},"fnMap":{"0":{"name":"(anonymous_0)","decl":{"start":{"line":6,"column":4},"end":{"line":6,"column":5}},"loc":{"start":{"line":6,"column":22},"end":{"line":11,"column":5}},"line":6},"1":{"name":"(anonymous_1)","decl":{"start":{"line":13,"column":4},"end":{"line":13,"column":5}},"loc":{"start":{"line":13,"column":22},"end":{"line":19,"column":5}},"line":13},"2":{"name":"(anonymous_2)","decl":{"start":{"line":23,"column":4},"end":{"line":23,"column":5}},"loc":{"start":{"line":23,"column":28},"end":{"line":25,"column":5}},"line":23}},"branchMap":{"0":{"loc":{"start":{"line":7,"column":8},"end":{"line":7,"column":64}},"type":"if","locations":[{"start":{"line":7,"column":8},"end":{"line":7,"column":64}},{"start":{"line":7,"column":8},"end":{"line":7,"column":64}}],"line":7}},"s":{"0":1,"1":1,"2":5,"3":1,"4":4,"5":4,"6":4,"7":1,"8":1,"9":1,"10":2,"11":1},"f":{"0":5,"1":1,"2":2},"b":{"0":[1,4]},"_coverageSchema":"1a1c01bbd47fc00a2c39e90264f33305004495a9","hash":"0650110c534631f7d6b811d7c62b93d849b00887"}
,"/Users/KGL04/Desktop/airport/bag.js": {"path":"/Users/KGL04/Desktop/airport/bag.js","statementMap":{"0":{"start":{"line":3,"column":8},"end":{"line":3,"column":61}},"1":{"start":{"line":3,"column":20},"end":{"line":3,"column":61}},"2":{"start":{"line":4,"column":8},"end":{"line":4,"column":59}},"3":{"start":{"line":4,"column":24},"end":{"line":4,"column":59}},"4":{"start":{"line":5,"column":8},"end":{"line":5,"column":28}},"5":{"start":{"line":9,"column":0},"end":{"line":9,"column":21}}},"fnMap":{"0":{"name":"(anonymous_0)","decl":{"start":{"line":2,"column":4},"end":{"line":2,"column":5}},"loc":{"start":{"line":2,"column":24},"end":{"line":6,"column":5}},"line":2}},"branchMap":{"0":{"loc":{"start":{"line":3,"column":8},"end":{"line":3,"column":61}},"type":"if","locations":[{"start":{"line":3,"column":8},"end":{"line":3,"column":61}},{"start":{"line":3,"column":8},"end":{"line":3,"column":61}}],"line":3},"1":{"loc":{"start":{"line":4,"column":8},"end":{"line":4,"column":59}},"type":"if","locations":[{"start":{"line":4,"column":8},"end":{"line":4,"column":59}},{"start":{"line":4,"column":8},"end":{"line":4,"column":59}}],"line":4}},"s":{"0":8,"1":1,"2":7,"3":0,"4":7,"5":1},"f":{"0":8},"b":{"0":[1,7],"1":[0,7]},"_coverageSchema":"1a1c01bbd47fc00a2c39e90264f33305004495a9","hash":"4119dd328fe222935ac45e00e19697b543ae689d"}
,"/Users/KGL04/Desktop/airport/crew.js": {"path":"/Users/KGL04/Desktop/airport/crew.js","statementMap":{"0":{"start":{"line":1,"column":15},"end":{"line":1,"column":34}},"1":{"start":{"line":5,"column":8},"end":{"line":5,"column":20}},"2":{"start":{"line":9,"column":8},"end":{"line":9,"column":38}},"3":{"start":{"line":13,"column":0},"end":{"line":13,"column":22}}},"fnMap":{"0":{"name":"(anonymous_0)","decl":{"start":{"line":4,"column":4},"end":{"line":4,"column":5}},"loc":{"start":{"line":4,"column":22},"end":{"line":6,"column":5}},"line":4},"1":{"name":"(anonymous_1)","decl":{"start":{"line":8,"column":4},"end":{"line":8,"column":5}},"loc":{"start":{"line":8,"column":24},"end":{"line":10,"column":5}},"line":8}},"branchMap":{},"s":{"0":1,"1":4,"2":0,"3":1},"f":{"0":4,"1":0},"b":{},"_coverageSchema":"1a1c01bbd47fc00a2c39e90264f33305004495a9","hash":"a00638f3481cc3aac15ecb862163fc4e8306b623"}
,"/Users/KGL04/Desktop/airport/passenger.js": {"path":"/Users/KGL04/Desktop/airport/passenger.js","statementMap":{"0":{"start":{"line":1,"column":15},"end":{"line":1,"column":34}},"1":{"start":{"line":5,"column":8},"end":{"line":5,"column":20}},"2":{"start":{"line":9,"column":8},"end":{"line":9,"column":50}},"3":{"start":{"line":13,"column":0},"end":{"line":13,"column":27}}},"fnMap":{"0":{"name":"(anonymous_0)","decl":{"start":{"line":4,"column":4},"end":{"line":4,"column":5}},"loc":{"start":{"line":4,"column":22},"end":{"line":6,"column":5}},"line":4},"1":{"name":"(anonymous_1)","decl":{"start":{"line":8,"column":4},"end":{"line":8,"column":5}},"loc":{"start":{"line":8,"column":20},"end":{"line":10,"column":5}},"line":8}},"branchMap":{},"s":{"0":1,"1":7,"2":1,"3":1},"f":{"0":7,"1":1},"b":{},"_coverageSchema":"1a1c01bbd47fc00a2c39e90264f33305004495a9","hash":"fc4334e486810eeab5a51a4d0e999e5f0761a72a"}
,"/Users/KGL04/Desktop/airport/person.js": {"path":"/Users/KGL04/Desktop/airport/person.js","statementMap":{"0":{"start":{"line":3,"column":8},"end":{"line":3,"column":63}},"1":{"start":{"line":3,"column":18},"end":{"line":3,"column":63}},"2":{"start":{"line":4,"column":8},"end":{"line":4,"column":24}},"3":{"start":{"line":5,"column":8},"end":{"line":5,"column":22}},"4":{"start":{"line":6,"column":8},"end":{"line":6,"column":27}},"5":{"start":{"line":11,"column":8},"end":{"line":11,"column":33}},"6":{"start":{"line":12,"column":8},"end":{"line":12,"column":48}},"7":{"start":{"line":16,"column":8},"end":{"line":16,"column":37}},"8":{"start":{"line":17,"column":8},"end":{"line":17,"column":55}},"9":{"start":{"line":22,"column":0},"end":{"line":22,"column":24}}},"fnMap":{"0":{"name":"(anonymous_0)","decl":{"start":{"line":2,"column":4},"end":{"line":2,"column":5}},"loc":{"start":{"line":2,"column":22},"end":{"line":7,"column":5}},"line":2},"1":{"name":"(anonymous_1)","decl":{"start":{"line":10,"column":4},"end":{"line":10,"column":5}},"loc":{"start":{"line":10,"column":22},"end":{"line":13,"column":5}},"line":10},"2":{"name":"(anonymous_2)","decl":{"start":{"line":15,"column":4},"end":{"line":15,"column":5}},"loc":{"start":{"line":15,"column":26},"end":{"line":18,"column":5}},"line":15}},"branchMap":{"0":{"loc":{"start":{"line":3,"column":8},"end":{"line":3,"column":63}},"type":"if","locations":[{"start":{"line":3,"column":8},"end":{"line":3,"column":63}},{"start":{"line":3,"column":8},"end":{"line":3,"column":63}}],"line":3}},"s":{"0":15,"1":3,"2":12,"3":12,"4":12,"5":3,"6":3,"7":1,"8":1,"9":1},"f":{"0":15,"1":3,"2":1},"b":{"0":[3,12]},"_coverageSchema":"1a1c01bbd47fc00a2c39e90264f33305004495a9","hash":"91516172178a6e845b6842c1368c0e37e79bfeab"}
,"/Users/KGL04/Desktop/airport/plane.js": {"path":"/Users/KGL04/Desktop/airport/plane.js","statementMap":{"0":{"start":{"line":1,"column":18},"end":{"line":1,"column":40}},"1":{"start":{"line":2,"column":13},"end":{"line":2,"column":30}},"2":{"start":{"line":6,"column":8},"end":{"line":6,"column":77}},"3":{"start":{"line":6,"column":25},"end":{"line":6,"column":77}},"4":{"start":{"line":8,"column":8},"end":{"line":8,"column":38}},"5":{"start":{"line":10,"column":8},"end":{"line":10,"column":27}},"6":{"start":{"line":11,"column":8},"end":{"line":11,"column":28}},"7":{"start":{"line":12,"column":8},"end":{"line":12,"column":22}},"8":{"start":{"line":17,"column":8},"end":{"line":18,"column":39}},"9":{"start":{"line":18,"column":8},"end":{"line":18,"column":39}},"10":{"start":{"line":19,"column":8},"end":{"line":20,"column":33}},"11":{"start":{"line":20,"column":8},"end":{"line":20,"column":33}},"12":{"start":{"line":34,"column":0},"end":{"line":34,"column":23}}},"fnMap":{"0":{"name":"(anonymous_0)","decl":{"start":{"line":5,"column":4},"end":{"line":5,"column":5}},"loc":{"start":{"line":5,"column":29},"end":{"line":13,"column":5}},"line":5},"1":{"name":"(anonymous_1)","decl":{"start":{"line":16,"column":4},"end":{"line":16,"column":5}},"loc":{"start":{"line":16,"column":25},"end":{"line":21,"column":5}},"line":16}},"branchMap":{"0":{"loc":{"start":{"line":6,"column":8},"end":{"line":6,"column":77}},"type":"if","locations":[{"start":{"line":6,"column":8},"end":{"line":6,"column":77}},{"start":{"line":6,"column":8},"end":{"line":6,"column":77}}],"line":6},"1":{"loc":{"start":{"line":17,"column":8},"end":{"line":18,"column":39}},"type":"if","locations":[{"start":{"line":17,"column":8},"end":{"line":18,"column":39}},{"start":{"line":17,"column":8},"end":{"line":18,"column":39}}],"line":17},"2":{"loc":{"start":{"line":19,"column":8},"end":{"line":20,"column":33}},"type":"if","locations":[{"start":{"line":19,"column":8},"end":{"line":20,"column":33}},{"start":{"line":19,"column":8},"end":{"line":20,"column":33}}],"line":19}},"s":{"0":1,"1":1,"2":6,"3":1,"4":5,"5":5,"6":5,"7":5,"8":3,"9":1,"10":3,"11":2,"12":1},"f":{"0":6,"1":3},"b":{"0":[1,5],"1":[1,2],"2":[2,1]},"_coverageSchema":"1a1c01bbd47fc00a2c39e90264f33305004495a9","hash":"5bc833ae87de0bb5547082901747018a44abbb50"}
}
