TN:
SF:airport.js
FN:6,(anonymous_0)
FN:13,(anonymous_1)
FN:23,(anonymous_2)
FNF:3
FNH:3
FNDA:5,(anonymous_0)
FNDA:1,(anonymous_1)
FNDA:2,(anonymous_2)
DA:1,1
DA:4,1
DA:7,5
DA:8,4
DA:9,4
DA:10,4
DA:15,1
DA:16,1
DA:18,1
DA:24,2
DA:30,1
LF:11
LH:11
BRDA:7,0,0,1
BRDA:7,0,1,4
BRF:2
BRH:2
end_of_record
TN:
SF:bag.js
FN:2,(anonymous_0)
FNF:1
FNH:1
FNDA:8,(anonymous_0)
DA:3,8
DA:4,7
DA:5,7
DA:9,1
LF:4
LH:4
BRDA:3,0,0,1
BRDA:3,0,1,7
BRDA:4,1,0,0
BRDA:4,1,1,7
BRF:4
BRH:3
end_of_record
TN:
SF:crew.js
FN:4,(anonymous_0)
FN:8,(anonymous_1)
FNF:2
FNH:1
FNDA:4,(anonymous_0)
FNDA:0,(anonymous_1)
DA:1,1
DA:5,4
DA:9,0
DA:13,1
LF:4
LH:3
BRF:0
BRH:0
end_of_record
TN:
SF:passenger.js
FN:4,(anonymous_0)
FN:8,(anonymous_1)
FNF:2
FNH:2
FNDA:7,(anonymous_0)
FNDA:1,(anonymous_1)
DA:1,1
DA:5,7
DA:9,1
DA:13,1
LF:4
LH:4
BRF:0
BRH:0
end_of_record
TN:
SF:person.js
FN:2,(anonymous_0)
FN:10,(anonymous_1)
FN:15,(anonymous_2)
FNF:3
FNH:3
FNDA:15,(anonymous_0)
FNDA:3,(anonymous_1)
FNDA:1,(anonymous_2)
DA:3,15
DA:4,12
DA:5,12
DA:6,12
DA:11,3
DA:12,3
DA:16,1
DA:17,1
DA:22,1
LF:9
LH:9
BRDA:3,0,0,3
BRDA:3,0,1,12
BRF:2
BRH:2
end_of_record
TN:
SF:plane.js
FN:5,(anonymous_0)
FN:16,(anonymous_1)
FNF:2
FNH:2
FNDA:6,(anonymous_0)
FNDA:3,(anonymous_1)
DA:1,1
DA:2,1
DA:6,6
DA:8,5
DA:10,5
DA:11,5
DA:12,5
DA:17,3
DA:18,1
DA:19,3
DA:20,2
DA:34,1
LF:12
LH:12
BRDA:6,0,0,1
BRDA:6,0,1,5
BRDA:17,1,0,1
BRDA:17,1,1,2
BRDA:19,2,0,2
BRDA:19,2,1,1
BRF:6
BRH:6
end_of_record
